time: 4.39053299999999957492491375887766480445861816406250 	
4548 
10764 
13504 
14956 
30104 
15484 
14952 
15004 
16136 
15788 
15992 
16384 
16880 
16984 
17344 
18012 
0 
18688 
19056 
19076 
19632 
20136 
20112 
0 
20652 
20900 
20712 
20200 
0 
20520 
20572 
21208 
0 
20772 
20836 
21148 
20812 
0 
21144 
21160 
20996 
21280 
0 
21020 
20864 
21504 
0 
22052 
22628 
23420 
0 
24764 
0 
25640 
26024 
0 
27148 
26828 
0 
27336 
0 
28816 
0 
30408 
0 
31228 
0 
32008 
0 
32896 
0 
34352 
0 
34528 
0 
35352 
0 
36184 
0 
35884 
0 
36656 
0 
0 
35432 
0 
35324 
0 
34412 
0 
34352 
0 
32984 
0 
32956 
0 
32168 
0 
31360 
0 
31128 
0 
32316 
0 
31632 
0 
31672 
31856 
0 
31760 
0 
32344 
0 
32892 
0 
32152 
0 
33820 
0 
34096 
0 
0 
34612 
0 
33576 
0 
33920 
0 
34168 
0 
34248 
0 
34236 
0 
33544 
0 
33660 
0 
32468 
0 
32400 
0 
31940 
0 
31472 
0 
30820 
30208 
0 
29796 
0 
29324 
0 
28188 
0 
28468 
28636 
0 
28384 
0 
27456 
27372 
0 
26476 
0 
25988 
26960 
0 
26112 
27032 
0 
27036 
0 
27668 
27852 
0 
27632 
0 
27592 
27680 
0 
26384 
0 
25036 
24352 
23740 
0 
22040 
20796 
20792 
0 
20248 
19768 
19352 
18320 
19420 
18924 
17564 
0 
16812 
32488 
15428 
15424 
14992 
15420 
15104 
14980 
14884 
14436 
14304 
14812 
30464 
15136 
15260 
15156 
15092 
15528 
15512 
15084 
15988 
15944 
16656 
16528 
15892 
16056 
15068 
14388 
28420 
13176 
12328 
22632 
19384 
8964 
23688 
13640 
17888 
16128 
18688 
16240 
13800 
19644 
15188 
14952 
18724 
13360 
18964 
16820 
13100 
17380 
17868 
13868 
19912 
16228 
16880 
11816 
13484 